<?xml version="1.0" encoding="UTF-8"?>
<testsuite xmlns:xsi="http://www.w3.org/2001/XMLSchema-instance" xsi:noNamespaceSchemaLocation="https://maven.apache.org/surefire/maven-surefire-plugin/xsd/surefire-test-report-3.0.xsd" version="3.0" name="Testes.TesteLista3" time="0.105" tests="14" errors="1" skipped="0" failures="1">
  <properties>
[...]
</properties>
  <testcase name="teste01" classname="Testes.TesteLista3" time="0.038"/>
  <testcase name="teste02" classname="Testes.TesteLista3" time="0.003"/>
  <testcase name="teste03" classname="Testes.TesteLista3" time="0.009"/>
  <testcase name="teste04" classname="Testes.TesteLista3" time="0.003"/>
  <testcase name="teste05" classname="Testes.TesteLista3" time="0.001"/>
  <testcase name="teste06" classname="Testes.TesteLista3" time="0.001"/>
  <testcase name="teste07" classname="Testes.TesteLista3" time="0.001"/>
  <testcase name="teste08" classname="Testes.TesteLista3" time="0.006">
    <failure message="expected: &lt;15, 10, 5&gt; but was: &lt;10, 5&gt;" type="org.opentest4j.AssertionFailedError"><![CDATA[org.opentest4j.AssertionFailedError: expected: <15, 10, 5> but was: <10, 5>
	at org.junit.jupiter.api.AssertionFailureBuilder.build(AssertionFailureBuilder.java:151)
	at org.junit.jupiter.api.AssertionFailureBuilder.buildAndThrow(AssertionFailureBuilder.java:132)
	at org.junit.jupiter.api.AssertEquals.failNotEqual(AssertEquals.java:197)
	at org.junit.jupiter.api.AssertEquals.assertEquals(AssertEquals.java:182)
	at org.junit.jupiter.api.AssertEquals.assertEquals(AssertEquals.java:177)
	at org.junit.jupiter.api.Assertions.assertEquals(Assertions.java:1145)
	at Testes.TesteLista3.teste08(TesteLista3.java:93)
	at java.base/java.lang.reflect.Method.invoke(Method.java:580)
	at java.base/java.util.ArrayList.forEach(ArrayList.java:1596)
	at java.base/java.util.ArrayList.forEach(ArrayList.java:1596)
]]></failure>
  </testcase>
  <testcase name="teste09" classname="Testes.TesteLista3" time="0.002">
    <error message="Cannot invoke &quot;Exercicio3.NoLista.setProximo(Exercicio3.NoLista)&quot; because &quot;anterior&quot; is null" type="java.lang.NullPointerException"><![CDATA[java.lang.NullPointerException: Cannot invoke "Exercicio3.NoLista.setProximo(Exercicio3.NoLista)" because "anterior" is null
	at Exercicio3.ListaEncadeada.retirar(ListaEncadeada.java:56)
	at Testes.TesteLista3.teste09(TesteLista3.java:103)
	at java.base/java.lang.reflect.Method.invoke(Method.java:580)
	at java.base/java.util.ArrayList.forEach(ArrayList.java:1596)
	at java.base/java.util.ArrayList.forEach(ArrayList.java:1596)
]]></error>
  </testcase>
  <testcase name="teste10" classname="Testes.TesteLista3" time="0.001"/>
  <testcase name="teste11" classname="Testes.TesteLista3" time="0.001"/>
  <testcase name="teste12" classname="Testes.TesteLista3" time="0.005"/>
  <testcase name="teste13" classname="Testes.TesteLista3" time="0.001"/>
  <testcase name="teste14" classname="Testes.TesteLista3" time="0.001"/>
</testsuite>